Vivado Simulator 2016.1
Copyright 1986-1999, 2001-2016 Xilinx, Inc. All Rights Reserved.
Running: C:/Xilinx/Vivado/2016.1/bin/unwrapped/win64.o/xelab.exe -wto 0ce0ab8f070a44fb83b7025ca99c80eb --debug typical --relax --mt 2 -L xil_defaultlib -L unisims_ver -L secureip --snapshot top_module_func_impl xil_defaultlib.top_module xil_defaultlib.glbl -log elaborate.log 
Using 2 slave threads.
Starting static elaboration
Completed static elaboration
Starting simulation data flow analysis
Completed simulation data flow analysis
Time Resolution for simulation is 1ps
Compiling module unisims_ver.OBUF
Compiling module unisims_ver.IBUF
Compiling module unisims_ver.x_lut3_mux4
Compiling module unisims_ver.x_lut3_mux4_reduced_0
Compiling module unisims_ver.LUT3
Compiling module unisims_ver.sffsrce_fdre
Compiling module unisims_ver.FDRE
Compiling module unisims_ver.BUFG
Compiling module unisims_ver.x_lut2_mux4
Compiling module unisims_ver.LUT2
Compiling module unisims_ver.LUT6
Compiling module unisims_ver.LUT5
Compiling module unisims_ver.LUT4
Compiling module unisims_ver.CARRY4
Compiling module xil_defaultlib.FlipFlop_11
Compiling module xil_defaultlib.FlipFlop_12
Compiling module xil_defaultlib.debouncer
Compiling module xil_defaultlib.FlipFlop_9
Compiling module xil_defaultlib.FlipFlop_10
Compiling module xil_defaultlib.debouncer_0
Compiling module xil_defaultlib.FlipFlop_7
Compiling module xil_defaultlib.FlipFlop_8
Compiling module xil_defaultlib.debouncer_1
Compiling module unisims_ver.latchsre_ldce
Compiling module unisims_ver.LDCE
Compiling module unisims_ver.MUXF7
Compiling module xil_defaultlib.controlfsm
Compiling module xil_defaultlib.insturction_memory
Compiling module xil_defaultlib.instruction_register
Compiling module xil_defaultlib.program_counter
Compiling module xil_defaultlib.control_unit
Compiling module unisims_ver.x_lut1_mux2
Compiling module unisims_ver.LUT1
Compiling module xil_defaultlib.reg_file
Compiling module xil_defaultlib.datapath
Compiling module xil_defaultlib.processor
Compiling module xil_defaultlib.FlipFlop_5
Compiling module xil_defaultlib.FlipFlop_6
Compiling module xil_defaultlib.debouncer_2
Compiling module xil_defaultlib.seven_seg_disp
Compiling module xil_defaultlib.FlipFlop
Compiling module xil_defaultlib.FlipFlop_4
Compiling module xil_defaultlib.debouncer_3
Compiling module xil_defaultlib.top_module
Compiling module xil_defaultlib.glbl
Built simulation snapshot top_module_func_impl
