
*** Running vivado
    with args -log serial_adder.vds -m64 -mode batch -messageDb vivado.pb -notrace -source serial_adder.tcl


****** Vivado v2016.1 (64-bit)
  **** SW Build 1538259 on Fri Apr  8 15:45:27 MDT 2016
  **** IP Build 1537824 on Fri Apr  8 04:28:57 MDT 2016
    ** Copyright 1986-2016 Xilinx, Inc. All Rights Reserved.

source serial_adder.tcl -notrace
Command: synth_design -top serial_adder -part xc7a35tcpg236-1
Starting synth_design
Attempting to get a license for feature 'Synthesis' and/or device 'xc7a35t'
INFO: [Common 17-349] Got license for feature 'Synthesis' and/or device 'xc7a35t'
INFO: Launching helper process for spawning children vivado processes
INFO: Helper process launched with PID 4240 
---------------------------------------------------------------------------------
Starting RTL Elaboration : Time (s): cpu = 00:00:03 ; elapsed = 00:00:04 . Memory (MB): peak = 274.090 ; gain = 67.070
---------------------------------------------------------------------------------
INFO: [Synth 8-638] synthesizing module 'serial_adder' [C:/Users/innsolit/serial_adder/serial_adder.srcs/sources_1/new/serial_adder.sv:36]
INFO: [Synth 8-638] synthesizing module 'shift_register' [C:/Users/innsolit/serial_adder/serial_adder.srcs/sources_1/new/shift_register.sv:22]
INFO: [Synth 8-638] synthesizing module 'd_ff' [C:/Users/innsolit/serial_adder/serial_adder.srcs/sources_1/new/d_ff.sv:23]
INFO: [Synth 8-256] done synthesizing module 'd_ff' (1#1) [C:/Users/innsolit/serial_adder/serial_adder.srcs/sources_1/new/d_ff.sv:23]
INFO: [Synth 8-256] done synthesizing module 'shift_register' (2#1) [C:/Users/innsolit/serial_adder/serial_adder.srcs/sources_1/new/shift_register.sv:22]
INFO: [Synth 8-638] synthesizing module 'fa' [C:/Users/innsolit/serial_adder/serial_adder.srcs/sources_1/new/fa.sv:23]
INFO: [Synth 8-256] done synthesizing module 'fa' (3#1) [C:/Users/innsolit/serial_adder/serial_adder.srcs/sources_1/new/fa.sv:23]
INFO: [Synth 8-256] done synthesizing module 'serial_adder' (4#1) [C:/Users/innsolit/serial_adder/serial_adder.srcs/sources_1/new/serial_adder.sv:36]
---------------------------------------------------------------------------------
Finished RTL Elaboration : Time (s): cpu = 00:00:04 ; elapsed = 00:00:04 . Memory (MB): peak = 310.578 ; gain = 103.559
---------------------------------------------------------------------------------

Report Check Netlist: 
+------+------------------+-------+---------+-------+------------------+
|      |Item              |Errors |Warnings |Status |Description       |
+------+------------------+-------+---------+-------+------------------+
|1     |multi_driven_nets |      0|        0|Passed |Multi driven nets |
+------+------------------+-------+---------+-------+------------------+
---------------------------------------------------------------------------------
Finished RTL Optimization Phase 1 : Time (s): cpu = 00:00:04 ; elapsed = 00:00:04 . Memory (MB): peak = 310.578 ; gain = 103.559
---------------------------------------------------------------------------------
INFO: [Device 21-403] Loading part xc7a35tcpg236-1
INFO: [Project 1-570] Preparing netlist for logic optimization

Processing XDC Constraints
Initializing timing engine
Parsing XDC File [C:/Users/innsolit/serial_adder/serial_adder.srcs/constrs_1/new/con_sa.xdc]
WARNING: [Vivado 12-584] No ports matched 'clk'. [C:/Users/innsolit/serial_adder/serial_adder.srcs/constrs_1/new/con_sa.xdc:36]
CRITICAL WARNING: [Common 17-55] 'set_property' expects at least one object. [C:/Users/innsolit/serial_adder/serial_adder.srcs/constrs_1/new/con_sa.xdc:36]
Resolution: If [get_<value>] was used to populate the object, check to make sure this command returns at least one valid object.
WARNING: [Vivado 12-584] No ports matched 'clk'. [C:/Users/innsolit/serial_adder/serial_adder.srcs/constrs_1/new/con_sa.xdc:37]
CRITICAL WARNING: [Common 17-55] 'set_property' expects at least one object. [C:/Users/innsolit/serial_adder/serial_adder.srcs/constrs_1/new/con_sa.xdc:37]
Resolution: If [get_<value>] was used to populate the object, check to make sure this command returns at least one valid object.
Finished Parsing XDC File [C:/Users/innsolit/serial_adder/serial_adder.srcs/constrs_1/new/con_sa.xdc]
INFO: [Project 1-236] Implementation specific constraints were found while reading constraint file [C:/Users/innsolit/serial_adder/serial_adder.srcs/constrs_1/new/con_sa.xdc]. These constraints will be ignored for synthesis but will be used in implementation. Impacted constraints are listed in the file [.Xil/serial_adder_propImpl.xdc].
Resolution: To avoid this warning, move constraints listed in [.Xil/serial_adder_propImpl.xdc] to another XDC file and exclude this new file from synthesis with the used_in_synthesis property (File Properties dialog in GUI) and re-run elaboration/synthesis.
Completed Processing XDC Constraints

INFO: [Project 1-111] Unisim Transformation Summary:
No Unisim elements were transformed.

Constraint Validation Runtime : Time (s): cpu = 00:00:00 ; elapsed = 00:00:00 . Memory (MB): peak = 588.121 ; gain = 0.000
---------------------------------------------------------------------------------
Finished Constraint Validation : Time (s): cpu = 00:00:09 ; elapsed = 00:00:09 . Memory (MB): peak = 588.121 ; gain = 381.102
---------------------------------------------------------------------------------
---------------------------------------------------------------------------------
Start Loading Part and Timing Information
---------------------------------------------------------------------------------
Loading part: xc7a35tcpg236-1
---------------------------------------------------------------------------------
Finished Loading Part and Timing Information : Time (s): cpu = 00:00:09 ; elapsed = 00:00:09 . Memory (MB): peak = 588.121 ; gain = 381.102
---------------------------------------------------------------------------------
---------------------------------------------------------------------------------
Start Applying 'set_property' XDC Constraints
---------------------------------------------------------------------------------
---------------------------------------------------------------------------------
Finished applying 'set_property' XDC Constraints : Time (s): cpu = 00:00:09 ; elapsed = 00:00:09 . Memory (MB): peak = 588.121 ; gain = 381.102
---------------------------------------------------------------------------------
---------------------------------------------------------------------------------
Finished RTL Optimization Phase 2 : Time (s): cpu = 00:00:09 ; elapsed = 00:00:09 . Memory (MB): peak = 588.121 ; gain = 381.102
---------------------------------------------------------------------------------

Report RTL Partitions: 
+-+--------------+------------+----------+
| |RTL Partition |Replication |Instances |
+-+--------------+------------+----------+
+-+--------------+------------+----------+
---------------------------------------------------------------------------------
Start RTL Component Statistics 
---------------------------------------------------------------------------------
Detailed RTL Component Info : 
+---XORs : 
	   2 Input      1 Bit         XORs := 2     
+---Registers : 
	                1 Bit    Registers := 25    
---------------------------------------------------------------------------------
Finished RTL Component Statistics 
---------------------------------------------------------------------------------
---------------------------------------------------------------------------------
Start RTL Hierarchical Component Statistics 
---------------------------------------------------------------------------------
Hierarchical RTL Component report 
Module d_ff 
Detailed RTL Component Info : 
+---Registers : 
	                1 Bit    Registers := 1     
Module fa 
Detailed RTL Component Info : 
+---XORs : 
	   2 Input      1 Bit         XORs := 2     
---------------------------------------------------------------------------------
Finished RTL Hierarchical Component Statistics
---------------------------------------------------------------------------------
---------------------------------------------------------------------------------
Start Part Resource Summary
---------------------------------------------------------------------------------
Part Resources:
DSPs: 90 (col length:60)
BRAMs: 100 (col length: RAMB18 60 RAMB36 30)
---------------------------------------------------------------------------------
Finished Part Resource Summary
---------------------------------------------------------------------------------
Start Parallel Synthesis Optimization  : Time (s): cpu = 00:00:09 ; elapsed = 00:00:09 . Memory (MB): peak = 588.121 ; gain = 381.102
---------------------------------------------------------------------------------
Start Cross Boundary Optimization
---------------------------------------------------------------------------------
---------------------------------------------------------------------------------
Finished Cross Boundary Optimization : Time (s): cpu = 00:00:09 ; elapsed = 00:00:10 . Memory (MB): peak = 588.121 ; gain = 381.102
---------------------------------------------------------------------------------
Finished Parallel Reinference  : Time (s): cpu = 00:00:09 ; elapsed = 00:00:10 . Memory (MB): peak = 588.121 ; gain = 381.102

Report RTL Partitions: 
+-+--------------+------------+----------+
| |RTL Partition |Replication |Instances |
+-+--------------+------------+----------+
+-+--------------+------------+----------+
---------------------------------------------------------------------------------
Start Area Optimization
---------------------------------------------------------------------------------
WARNING: [Synth 8-3332] Sequential element (sr_A/f8/q_reg) is unused and will be removed from module serial_adder.
CRITICAL WARNING: [Synth 8-3352] multi-driven net Q with 1st driver pin 'sr_A/f8/q_reg/Q' [C:/Users/innsolit/serial_adder/serial_adder.srcs/sources_1/new/d_ff.sv:28]
CRITICAL WARNING: [Synth 8-3352] multi-driven net Q with 2nd driver pin 'GND' [C:/Users/innsolit/serial_adder/serial_adder.srcs/sources_1/new/d_ff.sv:28]
CRITICAL WARNING: [Synth 8-5559] multi-driven net Q is connected to constant driver, other driver is ignored [C:/Users/innsolit/serial_adder/serial_adder.srcs/sources_1/new/d_ff.sv:28]
WARNING: [Synth 8-3332] Sequential element (sr_A/f7/q_reg) is unused and will be removed from module serial_adder.
CRITICAL WARNING: [Synth 8-3352] multi-driven net Q with 1st driver pin 'sr_A/f7/q_reg/Q' [C:/Users/innsolit/serial_adder/serial_adder.srcs/sources_1/new/d_ff.sv:28]
CRITICAL WARNING: [Synth 8-3352] multi-driven net Q with 2nd driver pin 'GND' [C:/Users/innsolit/serial_adder/serial_adder.srcs/sources_1/new/d_ff.sv:28]
CRITICAL WARNING: [Synth 8-5559] multi-driven net Q is connected to constant driver, other driver is ignored [C:/Users/innsolit/serial_adder/serial_adder.srcs/sources_1/new/d_ff.sv:28]
WARNING: [Synth 8-3332] Sequential element (sr_A/f6/q_reg) is unused and will be removed from module serial_adder.
CRITICAL WARNING: [Synth 8-3352] multi-driven net Q with 1st driver pin 'sr_A/f6/q_reg/Q' [C:/Users/innsolit/serial_adder/serial_adder.srcs/sources_1/new/d_ff.sv:28]
CRITICAL WARNING: [Synth 8-3352] multi-driven net Q with 2nd driver pin 'GND' [C:/Users/innsolit/serial_adder/serial_adder.srcs/sources_1/new/d_ff.sv:28]
CRITICAL WARNING: [Synth 8-5559] multi-driven net Q is connected to constant driver, other driver is ignored [C:/Users/innsolit/serial_adder/serial_adder.srcs/sources_1/new/d_ff.sv:28]
WARNING: [Synth 8-3332] Sequential element (sr_A/f5/q_reg) is unused and will be removed from module serial_adder.
CRITICAL WARNING: [Synth 8-3352] multi-driven net Q with 1st driver pin 'sr_A/f5/q_reg/Q' [C:/Users/innsolit/serial_adder/serial_adder.srcs/sources_1/new/d_ff.sv:28]
CRITICAL WARNING: [Synth 8-3352] multi-driven net Q with 2nd driver pin 'GND' [C:/Users/innsolit/serial_adder/serial_adder.srcs/sources_1/new/d_ff.sv:28]
CRITICAL WARNING: [Synth 8-5559] multi-driven net Q is connected to constant driver, other driver is ignored [C:/Users/innsolit/serial_adder/serial_adder.srcs/sources_1/new/d_ff.sv:28]
WARNING: [Synth 8-3332] Sequential element (sr_A/f4/q_reg) is unused and will be removed from module serial_adder.
CRITICAL WARNING: [Synth 8-3352] multi-driven net Q with 1st driver pin 'sr_A/f4/q_reg/Q' [C:/Users/innsolit/serial_adder/serial_adder.srcs/sources_1/new/d_ff.sv:28]
CRITICAL WARNING: [Synth 8-3352] multi-driven net Q with 2nd driver pin 'GND' [C:/Users/innsolit/serial_adder/serial_adder.srcs/sources_1/new/d_ff.sv:28]
CRITICAL WARNING: [Synth 8-5559] multi-driven net Q is connected to constant driver, other driver is ignored [C:/Users/innsolit/serial_adder/serial_adder.srcs/sources_1/new/d_ff.sv:28]
WARNING: [Synth 8-3332] Sequential element (sr_A/f3/q_reg) is unused and will be removed from module serial_adder.
CRITICAL WARNING: [Synth 8-3352] multi-driven net Q with 1st driver pin 'sr_A/f3/q_reg/Q' [C:/Users/innsolit/serial_adder/serial_adder.srcs/sources_1/new/d_ff.sv:28]
CRITICAL WARNING: [Synth 8-3352] multi-driven net Q with 2nd driver pin 'GND' [C:/Users/innsolit/serial_adder/serial_adder.srcs/sources_1/new/d_ff.sv:28]
CRITICAL WARNING: [Synth 8-5559] multi-driven net Q is connected to constant driver, other driver is ignored [C:/Users/innsolit/serial_adder/serial_adder.srcs/sources_1/new/d_ff.sv:28]
WARNING: [Synth 8-3332] Sequential element (sr_A/f2/q_reg) is unused and will be removed from module serial_adder.
CRITICAL WARNING: [Synth 8-3352] multi-driven net Q with 1st driver pin 'sr_A/f2/q_reg/Q' [C:/Users/innsolit/serial_adder/serial_adder.srcs/sources_1/new/d_ff.sv:28]
CRITICAL WARNING: [Synth 8-3352] multi-driven net Q with 2nd driver pin 'GND' [C:/Users/innsolit/serial_adder/serial_adder.srcs/sources_1/new/d_ff.sv:28]
CRITICAL WARNING: [Synth 8-5559] multi-driven net Q is connected to constant driver, other driver is ignored [C:/Users/innsolit/serial_adder/serial_adder.srcs/sources_1/new/d_ff.sv:28]
WARNING: [Synth 8-3332] Sequential element (sr_A/f1/q_reg) is unused and will be removed from module serial_adder.
CRITICAL WARNING: [Synth 8-3352] multi-driven net Q with 1st driver pin 'sr_A/f1/q_reg/Q' [C:/Users/innsolit/serial_adder/serial_adder.srcs/sources_1/new/d_ff.sv:28]
CRITICAL WARNING: [Synth 8-3352] multi-driven net Q with 2nd driver pin 'GND' [C:/Users/innsolit/serial_adder/serial_adder.srcs/sources_1/new/d_ff.sv:28]
CRITICAL WARNING: [Synth 8-5559] multi-driven net Q is connected to constant driver, other driver is ignored [C:/Users/innsolit/serial_adder/serial_adder.srcs/sources_1/new/d_ff.sv:28]
WARNING: [Synth 8-3332] Sequential element (sr_A/d_reg[7]) is unused and will be removed from module serial_adder.
WARNING: [Synth 8-3332] Sequential element (sr_A/d_reg[6]) is unused and will be removed from module serial_adder.
WARNING: [Synth 8-3332] Sequential element (sr_A/d_reg[5]) is unused and will be removed from module serial_adder.
WARNING: [Synth 8-3332] Sequential element (sr_A/d_reg[4]) is unused and will be removed from module serial_adder.
WARNING: [Synth 8-3332] Sequential element (sr_A/d_reg[3]) is unused and will be removed from module serial_adder.
WARNING: [Synth 8-3332] Sequential element (sr_A/d_reg[2]) is unused and will be removed from module serial_adder.
WARNING: [Synth 8-3332] Sequential element (sr_A/d_reg[1]) is unused and will be removed from module serial_adder.
WARNING: [Synth 8-3332] Sequential element (sr_A/d_reg[0]) is unused and will be removed from module serial_adder.
WARNING: [Synth 8-3332] Sequential element (sr_B/f8/q_reg) is unused and will be removed from module serial_adder.
CRITICAL WARNING: [Synth 8-3352] multi-driven net Q with 1st driver pin 'sr_B/f8/q_reg/Q' [C:/Users/innsolit/serial_adder/serial_adder.srcs/sources_1/new/d_ff.sv:28]
CRITICAL WARNING: [Synth 8-3352] multi-driven net Q with 2nd driver pin 'GND' [C:/Users/innsolit/serial_adder/serial_adder.srcs/sources_1/new/d_ff.sv:28]
CRITICAL WARNING: [Synth 8-5559] multi-driven net Q is connected to constant driver, other driver is ignored [C:/Users/innsolit/serial_adder/serial_adder.srcs/sources_1/new/d_ff.sv:28]
WARNING: [Synth 8-3332] Sequential element (sr_B/f7/q_reg) is unused and will be removed from module serial_adder.
CRITICAL WARNING: [Synth 8-3352] multi-driven net Q with 1st driver pin 'sr_B/f7/q_reg/Q' [C:/Users/innsolit/serial_adder/serial_adder.srcs/sources_1/new/d_ff.sv:28]
CRITICAL WARNING: [Synth 8-3352] multi-driven net Q with 2nd driver pin 'GND' [C:/Users/innsolit/serial_adder/serial_adder.srcs/sources_1/new/d_ff.sv:28]
CRITICAL WARNING: [Synth 8-5559] multi-driven net Q is connected to constant driver, other driver is ignored [C:/Users/innsolit/serial_adder/serial_adder.srcs/sources_1/new/d_ff.sv:28]
WARNING: [Synth 8-3332] Sequential element (sr_B/f6/q_reg) is unused and will be removed from module serial_adder.
CRITICAL WARNING: [Synth 8-3352] multi-driven net Q with 1st driver pin 'sr_B/f6/q_reg/Q' [C:/Users/innsolit/serial_adder/serial_adder.srcs/sources_1/new/d_ff.sv:28]
CRITICAL WARNING: [Synth 8-3352] multi-driven net Q with 2nd driver pin 'GND' [C:/Users/innsolit/serial_adder/serial_adder.srcs/sources_1/new/d_ff.sv:28]
CRITICAL WARNING: [Synth 8-5559] multi-driven net Q is connected to constant driver, other driver is ignored [C:/Users/innsolit/serial_adder/serial_adder.srcs/sources_1/new/d_ff.sv:28]
WARNING: [Synth 8-3332] Sequential element (sr_B/f5/q_reg) is unused and will be removed from module serial_adder.
CRITICAL WARNING: [Synth 8-3352] multi-driven net Q with 1st driver pin 'sr_B/f5/q_reg/Q' [C:/Users/innsolit/serial_adder/serial_adder.srcs/sources_1/new/d_ff.sv:28]
CRITICAL WARNING: [Synth 8-3352] multi-driven net Q with 2nd driver pin 'GND' [C:/Users/innsolit/serial_adder/serial_adder.srcs/sources_1/new/d_ff.sv:28]
CRITICAL WARNING: [Synth 8-5559] multi-driven net Q is connected to constant driver, other driver is ignored [C:/Users/innsolit/serial_adder/serial_adder.srcs/sources_1/new/d_ff.sv:28]
WARNING: [Synth 8-3332] Sequential element (sr_B/f4/q_reg) is unused and will be removed from module serial_adder.
CRITICAL WARNING: [Synth 8-3352] multi-driven net Q with 1st driver pin 'sr_B/f4/q_reg/Q' [C:/Users/innsolit/serial_adder/serial_adder.srcs/sources_1/new/d_ff.sv:28]
CRITICAL WARNING: [Synth 8-3352] multi-driven net Q with 2nd driver pin 'GND' [C:/Users/innsolit/serial_adder/serial_adder.srcs/sources_1/new/d_ff.sv:28]
CRITICAL WARNING: [Synth 8-5559] multi-driven net Q is connected to constant driver, other driver is ignored [C:/Users/innsolit/serial_adder/serial_adder.srcs/sources_1/new/d_ff.sv:28]
WARNING: [Synth 8-3332] Sequential element (sr_B/f3/q_reg) is unused and will be removed from module serial_adder.
CRITICAL WARNING: [Synth 8-3352] multi-driven net Q with 1st driver pin 'sr_B/f3/q_reg/Q' [C:/Users/innsolit/serial_adder/serial_adder.srcs/sources_1/new/d_ff.sv:28]
CRITICAL WARNING: [Synth 8-3352] multi-driven net Q with 2nd driver pin 'GND' [C:/Users/innsolit/serial_adder/serial_adder.srcs/sources_1/new/d_ff.sv:28]
CRITICAL WARNING: [Synth 8-5559] multi-driven net Q is connected to constant driver, other driver is ignored [C:/Users/innsolit/serial_adder/serial_adder.srcs/sources_1/new/d_ff.sv:28]
WARNING: [Synth 8-3332] Sequential element (sr_B/f2/q_reg) is unused and will be removed from module serial_adder.
CRITICAL WARNING: [Synth 8-3352] multi-driven net Q with 1st driver pin 'sr_B/f2/q_reg/Q' [C:/Users/innsolit/serial_adder/serial_adder.srcs/sources_1/new/d_ff.sv:28]
CRITICAL WARNING: [Synth 8-3352] multi-driven net Q with 2nd driver pin 'GND' [C:/Users/innsolit/serial_adder/serial_adder.srcs/sources_1/new/d_ff.sv:28]
CRITICAL WARNING: [Synth 8-5559] multi-driven net Q is connected to constant driver, other driver is ignored [C:/Users/innsolit/serial_adder/serial_adder.srcs/sources_1/new/d_ff.sv:28]
WARNING: [Synth 8-3332] Sequential element (sr_B/f1/q_reg) is unused and will be removed from module serial_adder.
CRITICAL WARNING: [Synth 8-3352] multi-driven net Q with 1st driver pin 'sr_B/f1/q_reg/Q' [C:/Users/innsolit/serial_adder/serial_adder.srcs/sources_1/new/d_ff.sv:28]
CRITICAL WARNING: [Synth 8-3352] multi-driven net Q with 2nd driver pin 'GND' [C:/Users/innsolit/serial_adder/serial_adder.srcs/sources_1/new/d_ff.sv:28]
CRITICAL WARNING: [Synth 8-5559] multi-driven net Q is connected to constant driver, other driver is ignored [C:/Users/innsolit/serial_adder/serial_adder.srcs/sources_1/new/d_ff.sv:28]
WARNING: [Synth 8-3332] Sequential element (sr_B/d_reg[7]) is unused and will be removed from module serial_adder.
WARNING: [Synth 8-3332] Sequential element (sr_B/d_reg[6]) is unused and will be removed from module serial_adder.
WARNING: [Synth 8-3332] Sequential element (sr_B/d_reg[5]) is unused and will be removed from module serial_adder.
WARNING: [Synth 8-3332] Sequential element (sr_B/d_reg[4]) is unused and will be removed from module serial_adder.
WARNING: [Synth 8-3332] Sequential element (sr_B/d_reg[3]) is unused and will be removed from module serial_adder.
WARNING: [Synth 8-3332] Sequential element (sr_B/d_reg[2]) is unused and will be removed from module serial_adder.
WARNING: [Synth 8-3332] Sequential element (sr_B/d_reg[1]) is unused and will be removed from module serial_adder.
WARNING: [Synth 8-3332] Sequential element (sr_B/d_reg[0]) is unused and will be removed from module serial_adder.
WARNING: [Synth 8-3332] Sequential element (sr_S/f8/q_reg) is unused and will be removed from module serial_adder.
CRITICAL WARNING: [Synth 8-3352] multi-driven net Q with 1st driver pin 'sr_S/f8/q_reg/Q' [C:/Users/innsolit/serial_adder/serial_adder.srcs/sources_1/new/d_ff.sv:28]
CRITICAL WARNING: [Synth 8-3352] multi-driven net Q with 2nd driver pin 'GND' [C:/Users/innsolit/serial_adder/serial_adder.srcs/sources_1/new/d_ff.sv:28]
CRITICAL WARNING: [Synth 8-5559] multi-driven net Q is connected to constant driver, other driver is ignored [C:/Users/innsolit/serial_adder/serial_adder.srcs/sources_1/new/d_ff.sv:28]
WARNING: [Synth 8-3332] Sequential element (sr_S/f7/q_reg) is unused and will be removed from module serial_adder.
CRITICAL WARNING: [Synth 8-3352] multi-driven net Q with 1st driver pin 'sr_S/f7/q_reg/Q' [C:/Users/innsolit/serial_adder/serial_adder.srcs/sources_1/new/d_ff.sv:28]
CRITICAL WARNING: [Synth 8-3352] multi-driven net Q with 2nd driver pin 'GND' [C:/Users/innsolit/serial_adder/serial_adder.srcs/sources_1/new/d_ff.sv:28]
CRITICAL WARNING: [Synth 8-5559] multi-driven net Q is connected to constant driver, other driver is ignored [C:/Users/innsolit/serial_adder/serial_adder.srcs/sources_1/new/d_ff.sv:28]
WARNING: [Synth 8-3332] Sequential element (sr_S/f6/q_reg) is unused and will be removed from module serial_adder.
CRITICAL WARNING: [Synth 8-3352] multi-driven net Q with 1st driver pin 'sr_S/f6/q_reg/Q' [C:/Users/innsolit/serial_adder/serial_adder.srcs/sources_1/new/d_ff.sv:28]
CRITICAL WARNING: [Synth 8-3352] multi-driven net Q with 2nd driver pin 'GND' [C:/Users/innsolit/serial_adder/serial_adder.srcs/sources_1/new/d_ff.sv:28]
CRITICAL WARNING: [Synth 8-5559] multi-driven net Q is connected to constant driver, other driver is ignored [C:/Users/innsolit/serial_adder/serial_adder.srcs/sources_1/new/d_ff.sv:28]
WARNING: [Synth 8-3332] Sequential element (sr_S/f5/q_reg) is unused and will be removed from module serial_adder.
CRITICAL WARNING: [Synth 8-3352] multi-driven net Q with 1st driver pin 'sr_S/f5/q_reg/Q' [C:/Users/innsolit/serial_adder/serial_adder.srcs/sources_1/new/d_ff.sv:28]
CRITICAL WARNING: [Synth 8-3352] multi-driven net Q with 2nd driver pin 'GND' [C:/Users/innsolit/serial_adder/serial_adder.srcs/sources_1/new/d_ff.sv:28]
CRITICAL WARNING: [Synth 8-5559] multi-driven net Q is connected to constant driver, other driver is ignored [C:/Users/innsolit/serial_adder/serial_adder.srcs/sources_1/new/d_ff.sv:28]
WARNING: [Synth 8-3332] Sequential element (sr_S/f4/q_reg) is unused and will be removed from module serial_adder.
CRITICAL WARNING: [Synth 8-3352] multi-driven net Q with 1st driver pin 'sr_S/f4/q_reg/Q' [C:/Users/innsolit/serial_adder/serial_adder.srcs/sources_1/new/d_ff.sv:28]
CRITICAL WARNING: [Synth 8-3352] multi-driven net Q with 2nd driver pin 'GND' [C:/Users/innsolit/serial_adder/serial_adder.srcs/sources_1/new/d_ff.sv:28]
CRITICAL WARNING: [Synth 8-5559] multi-driven net Q is connected to constant driver, other driver is ignored [C:/Users/innsolit/serial_adder/serial_adder.srcs/sources_1/new/d_ff.sv:28]
WARNING: [Synth 8-3332] Sequential element (sr_S/f3/q_reg) is unused and will be removed from module serial_adder.
CRITICAL WARNING: [Synth 8-3352] multi-driven net Q with 1st driver pin 'sr_S/f3/q_reg/Q' [C:/Users/innsolit/serial_adder/serial_adder.srcs/sources_1/new/d_ff.sv:28]
CRITICAL WARNING: [Synth 8-3352] multi-driven net Q with 2nd driver pin 'GND' [C:/Users/innsolit/serial_adder/serial_adder.srcs/sources_1/new/d_ff.sv:28]
CRITICAL WARNING: [Synth 8-5559] multi-driven net Q is connected to constant driver, other driver is ignored [C:/Users/innsolit/serial_adder/serial_adder.srcs/sources_1/new/d_ff.sv:28]
WARNING: [Synth 8-3332] Sequential element (sr_S/f2/q_reg) is unused and will be removed from module serial_adder.
CRITICAL WARNING: [Synth 8-3352] multi-driven net Q with 1st driver pin 'sr_S/f2/q_reg/Q' [C:/Users/innsolit/serial_adder/serial_adder.srcs/sources_1/new/d_ff.sv:28]
CRITICAL WARNING: [Synth 8-3352] multi-driven net Q with 2nd driver pin 'GND' [C:/Users/innsolit/serial_adder/serial_adder.srcs/sources_1/new/d_ff.sv:28]
CRITICAL WARNING: [Synth 8-5559] multi-driven net Q is connected to constant driver, other driver is ignored [C:/Users/innsolit/serial_adder/serial_adder.srcs/sources_1/new/d_ff.sv:28]
WARNING: [Synth 8-3332] Sequential element (sr_S/f1/q_reg) is unused and will be removed from module serial_adder.
CRITICAL WARNING: [Synth 8-3352] multi-driven net Q with 1st driver pin 'sr_S/f1/q_reg/Q' [C:/Users/innsolit/serial_adder/serial_adder.srcs/sources_1/new/d_ff.sv:28]
CRITICAL WARNING: [Synth 8-3352] multi-driven net Q with 2nd driver pin 'GND' [C:/Users/innsolit/serial_adder/serial_adder.srcs/sources_1/new/d_ff.sv:28]
CRITICAL WARNING: [Synth 8-5559] multi-driven net Q is connected to constant driver, other driver is ignored [C:/Users/innsolit/serial_adder/serial_adder.srcs/sources_1/new/d_ff.sv:28]
WARNING: [Synth 8-3332] Sequential element (sr_S/d_reg[7]) is unused and will be removed from module serial_adder.
WARNING: [Synth 8-3332] Sequential element (sr_S/d_reg[6]) is unused and will be removed from module serial_adder.
WARNING: [Synth 8-3332] Sequential element (sr_S/d_reg[5]) is unused and will be removed from module serial_adder.
WARNING: [Synth 8-3332] Sequential element (sr_S/d_reg[4]) is unused and will be removed from module serial_adder.
WARNING: [Synth 8-3332] Sequential element (sr_S/d_reg[3]) is unused and will be removed from module serial_adder.
WARNING: [Synth 8-3332] Sequential element (sr_S/d_reg[2]) is unused and will be removed from module serial_adder.
WARNING: [Synth 8-3332] Sequential element (sr_S/d_reg[1]) is unused and will be removed from module serial_adder.
WARNING: [Synth 8-3332] Sequential element (sr_S/d_reg[0]) is unused and will be removed from module serial_adder.
WARNING: [Synth 8-3332] Sequential element (d_ff1/q_reg) is unused and will be removed from module serial_adder.
---------------------------------------------------------------------------------
Finished Area Optimization : Time (s): cpu = 00:00:09 ; elapsed = 00:00:10 . Memory (MB): peak = 588.121 ; gain = 381.102
---------------------------------------------------------------------------------
Finished Parallel Area Optimization  : Time (s): cpu = 00:00:09 ; elapsed = 00:00:10 . Memory (MB): peak = 588.121 ; gain = 381.102

Report RTL Partitions: 
+-+--------------+------------+----------+
| |RTL Partition |Replication |Instances |
+-+--------------+------------+----------+
+-+--------------+------------+----------+
---------------------------------------------------------------------------------
Start Timing Optimization
---------------------------------------------------------------------------------
---------------------------------------------------------------------------------
Start Applying XDC Timing Constraints
---------------------------------------------------------------------------------
---------------------------------------------------------------------------------
Finished Applying XDC Timing Constraints : Time (s): cpu = 00:00:15 ; elapsed = 00:00:16 . Memory (MB): peak = 588.121 ; gain = 381.102
---------------------------------------------------------------------------------
---------------------------------------------------------------------------------
Finished Timing Optimization : Time (s): cpu = 00:00:15 ; elapsed = 00:00:16 . Memory (MB): peak = 588.121 ; gain = 381.102
---------------------------------------------------------------------------------

Report RTL Partitions: 
+-+--------------+------------+----------+
| |RTL Partition |Replication |Instances |
+-+--------------+------------+----------+
+-+--------------+------------+----------+
---------------------------------------------------------------------------------
Start Technology Mapping
---------------------------------------------------------------------------------
---------------------------------------------------------------------------------
Finished Technology Mapping : Time (s): cpu = 00:00:15 ; elapsed = 00:00:16 . Memory (MB): peak = 588.121 ; gain = 381.102
---------------------------------------------------------------------------------
Finished Parallel Technology Mapping Optimization  : Time (s): cpu = 00:00:15 ; elapsed = 00:00:16 . Memory (MB): peak = 588.121 ; gain = 381.102

Report RTL Partitions: 
+-+--------------+------------+----------+
| |RTL Partition |Replication |Instances |
+-+--------------+------------+----------+
+-+--------------+------------+----------+
Finished Parallel Synthesis Optimization  : Time (s): cpu = 00:00:15 ; elapsed = 00:00:16 . Memory (MB): peak = 588.121 ; gain = 381.102
---------------------------------------------------------------------------------
Start IO Insertion
---------------------------------------------------------------------------------
---------------------------------------------------------------------------------
Start Flattening Before IO Insertion
---------------------------------------------------------------------------------
---------------------------------------------------------------------------------
Finished Flattening Before IO Insertion
---------------------------------------------------------------------------------
---------------------------------------------------------------------------------
Start Final Netlist Cleanup
---------------------------------------------------------------------------------
---------------------------------------------------------------------------------
Finished Final Netlist Cleanup
---------------------------------------------------------------------------------
---------------------------------------------------------------------------------
Finished IO Insertion : Time (s): cpu = 00:00:16 ; elapsed = 00:00:16 . Memory (MB): peak = 588.121 ; gain = 381.102
---------------------------------------------------------------------------------

Report Check Netlist: 
+------+------------------+-------+---------+-------+------------------+
|      |Item              |Errors |Warnings |Status |Description       |
+------+------------------+-------+---------+-------+------------------+
|1     |multi_driven_nets |      0|        0|Passed |Multi driven nets |
+------+------------------+-------+---------+-------+------------------+
---------------------------------------------------------------------------------
Start Renaming Generated Instances
---------------------------------------------------------------------------------
---------------------------------------------------------------------------------
Finished Renaming Generated Instances : Time (s): cpu = 00:00:16 ; elapsed = 00:00:16 . Memory (MB): peak = 588.121 ; gain = 381.102
---------------------------------------------------------------------------------

Report RTL Partitions: 
+-+--------------+------------+----------+
| |RTL Partition |Replication |Instances |
+-+--------------+------------+----------+
+-+--------------+------------+----------+
---------------------------------------------------------------------------------
Start Rebuilding User Hierarchy
---------------------------------------------------------------------------------
---------------------------------------------------------------------------------
Finished Rebuilding User Hierarchy : Time (s): cpu = 00:00:16 ; elapsed = 00:00:16 . Memory (MB): peak = 588.121 ; gain = 381.102
---------------------------------------------------------------------------------
---------------------------------------------------------------------------------
Start Renaming Generated Ports
---------------------------------------------------------------------------------
---------------------------------------------------------------------------------
Finished Renaming Generated Ports : Time (s): cpu = 00:00:16 ; elapsed = 00:00:16 . Memory (MB): peak = 588.121 ; gain = 381.102
---------------------------------------------------------------------------------
---------------------------------------------------------------------------------
Start Handling Custom Attributes
---------------------------------------------------------------------------------
---------------------------------------------------------------------------------
Finished Handling Custom Attributes : Time (s): cpu = 00:00:16 ; elapsed = 00:00:16 . Memory (MB): peak = 588.121 ; gain = 381.102
---------------------------------------------------------------------------------
---------------------------------------------------------------------------------
Start Renaming Generated Nets
---------------------------------------------------------------------------------
---------------------------------------------------------------------------------
Finished Renaming Generated Nets : Time (s): cpu = 00:00:16 ; elapsed = 00:00:16 . Memory (MB): peak = 588.121 ; gain = 381.102
---------------------------------------------------------------------------------
---------------------------------------------------------------------------------
Start Writing Synthesis Report
---------------------------------------------------------------------------------

Report BlackBoxes: 
+-+--------------+----------+
| |BlackBox name |Instances |
+-+--------------+----------+
+-+--------------+----------+

Report Cell Usage: 
+------+-----+------+
|      |Cell |Count |
+------+-----+------+
|1     |OBUF |     8|
+------+-----+------+

Report Instance Areas: 
+------+---------+-------+------+
|      |Instance |Module |Cells |
+------+---------+-------+------+
|1     |top      |       |     8|
+------+---------+-------+------+
---------------------------------------------------------------------------------
Finished Writing Synthesis Report : Time (s): cpu = 00:00:16 ; elapsed = 00:00:16 . Memory (MB): peak = 588.121 ; gain = 381.102
---------------------------------------------------------------------------------
Synthesis finished with 0 errors, 72 critical warnings and 49 warnings.
Synthesis Optimization Runtime : Time (s): cpu = 00:00:09 ; elapsed = 00:00:12 . Memory (MB): peak = 588.121 ; gain = 103.559
Synthesis Optimization Complete : Time (s): cpu = 00:00:16 ; elapsed = 00:00:16 . Memory (MB): peak = 588.121 ; gain = 381.102
INFO: [Project 1-571] Translating synthesized netlist
INFO: [Project 1-570] Preparing netlist for logic optimization
INFO: [Opt 31-138] Pushed 0 inverter(s) to 0 load pin(s).
INFO: [Project 1-111] Unisim Transformation Summary:
No Unisim elements were transformed.

INFO: [Common 17-83] Releasing license: Synthesis
18 Infos, 51 Warnings, 74 Critical Warnings and 0 Errors encountered.
synth_design completed successfully
synth_design: Time (s): cpu = 00:00:15 ; elapsed = 00:00:15 . Memory (MB): peak = 588.121 ; gain = 381.102
report_utilization: Time (s): cpu = 00:00:00 ; elapsed = 00:00:00 . Memory (MB): peak = 588.121 ; gain = 0.000
INFO: [Common 17-206] Exiting Vivado at Thu Apr 14 11:58:42 2022...
